<?xml version="1.0" encoding="UTF-8"?>
<testng-results ignored="0" total="1" passed="1" failed="0" skipped="0">
  <reporter-output>
  </reporter-output>
  <suite started-at="2023-01-03T16:38:28 IST" name="Authentication" finished-at="2023-01-03T16:38:37 IST" duration-ms="8859">
    <groups>
    </groups>
    <test started-at="2023-01-03T16:38:28 IST" name="RegisterUser" finished-at="2023-01-03T16:38:37 IST" duration-ms="8859">
      <class name="tests.pages.CreateUserAccountPage">
        <test-method is-config="true" signature="LaunchingBrowser()[pri:0, instance:tests.pages.CreateUserAccountPage@6e9a5ed8]" started-at="2023-01-03T16:38:30 IST" name="LaunchingBrowser" finished-at="2023-01-03T16:38:32 IST" duration-ms="2782" status="PASS">
          <reporter-output>
          </reporter-output>
        </test-method> <!-- LaunchingBrowser -->
        <test-method signature="CreateAccountWithPositiveData(java.util.HashMap)[pri:0, instance:tests.pages.CreateUserAccountPage@6e9a5ed8]" started-at="2023-01-03T16:38:32 IST" name="CreateAccountWithPositiveData" data-provider="CreateAccountData" finished-at="2023-01-03T16:38:36 IST" duration-ms="4020" status="PASS">
          <params>
            <param index="0">
              <value>
                <![CDATA[{firstname=firstname001, password=firstname001lastname001, confirmpasswordmessage=Weak, confirmpassword=firstname001lastname001, email=lastname001@gmail.com, lastname=lastname001}]]>
              </value>
            </param>
          </params>
          <reporter-output>
          </reporter-output>
        </test-method> <!-- CreateAccountWithPositiveData -->
        <test-method is-config="true" signature="Closing()[pri:0, instance:tests.pages.CreateUserAccountPage@6e9a5ed8]" started-at="2023-01-03T16:38:36 IST" name="Closing" finished-at="2023-01-03T16:38:37 IST" duration-ms="493" status="PASS">
          <reporter-output>
          </reporter-output>
        </test-method> <!-- Closing -->
      </class> <!-- tests.pages.CreateUserAccountPage -->
    </test> <!-- RegisterUser -->
  </suite> <!-- Authentication -->
</testng-results>
